<?xml version="1.0" encoding="utf-8"?><testsuites name="pytest tests"><testsuite name="pytest" errors="0" failures="0" skipped="1" tests="18" time="5.569" timestamp="2026-03-06T20:02:20.709116+00:00" hostname="agent-env-4afd86e8-0b44-427a-8e59-c41ed025b727"><testcase classname="backend.tests.test_lits_api.TestHealthCheck" name="test_api_root_endpoint" time="0.290" /><testcase classname="backend.tests.test_lits_api.TestAuthEndpoints" name="test_signup_with_airline_email" time="0.400" /><testcase classname="backend.tests.test_lits_api.TestAuthEndpoints" name="test_signup_rejects_non_airline_email" time="0.066" /><testcase classname="backend.tests.test_lits_api.TestAuthEndpoints" name="test_email_verification_flow" time="0.349" /><testcase classname="backend.tests.test_lits_api.TestAuthEndpoints" name="test_login_existing_user" time="0.292" /><testcase classname="backend.tests.test_lits_api.TestAuthEndpoints" name="test_login_invalid_credentials" time="0.106" /><testcase classname="backend.tests.test_lits_api.TestVerificationUpload" name="test_verification_status_endpoint" time="0.333" /><testcase classname="backend.tests.test_lits_api.TestVerificationUpload" name="test_verification_upload_badge" time="0.499" /><testcase classname="backend.tests.test_lits_api.TestVerificationUpload" name="test_verification_upload_invalid_type" time="0.398" /><testcase classname="backend.tests.test_lits_api.TestAdminDashboard" name="test_get_pending_verifications" time="0.338" /><testcase classname="backend.tests.test_lits_api.TestAdminDashboard" name="test_admin_review_approve" time="0.455" /><testcase classname="backend.tests.test_lits_api.TestAdminDashboard" name="test_admin_review_reject" time="0.421" /><testcase classname="backend.tests.test_lits_api.TestAdminDashboard" name="test_get_presigned_url" time="0.360"><skipped type="pytest.skip" message="No pending verification requests">/app/backend/tests/test_lits_api.py:345: No pending verification requests</skipped></testcase><testcase classname="backend.tests.test_lits_api.TestProfileSetup" name="test_profile_setup" time="0.464" /><testcase classname="backend.tests.test_lits_api.TestProfileSetup" name="test_get_profile" time="0.393" /><testcase classname="backend.tests.test_lits_api.TestOAuthSession" name="test_session_exchange_invalid_session" time="0.194" /><testcase classname="backend.tests.test_lits_api.TestOAuthSession" name="test_auth_me_no_token" time="0.077" /><testcase classname="backend.tests.test_lits_api.TestSubscriptionEndpoints" name="test_get_pricing" time="0.059" /></testsuite></testsuites>